2024-12-19 10:39:39 [main] INFO  r.i.calculator.CalculatorApplication - Application start
2024-12-19 10:39:39 [background-preinit] INFO  o.h.validator.internal.util.Version - HV000001: Hibernate Validator 8.0.1.Final
2024-12-19 10:39:39 [main] INFO  r.i.calculator.CalculatorApplication - Starting CalculatorApplication using Java 17.0.12 with PID 8724 (D:\JDK and IDEA\Projects JAVA\NeoStudyProject\calculator\target\classes started by Iguan04ka in D:\JDK and IDEA\Projects JAVA\NeoStudyProject\calculator)
2024-12-19 10:39:39 [main] INFO  r.i.calculator.CalculatorApplication - No active profile set, falling back to 1 default profile: "default"
2024-12-19 10:39:41 [main] INFO  o.s.b.w.e.tomcat.TomcatWebServer - Tomcat initialized with port 8081 (http)
2024-12-19 10:39:41 [main] INFO  o.a.coyote.http11.Http11NioProtocol - Initializing ProtocolHandler ["http-nio-8081"]
2024-12-19 10:39:41 [main] INFO  o.a.catalina.core.StandardService - Starting service [Tomcat]
2024-12-19 10:39:41 [main] INFO  o.a.catalina.core.StandardEngine - Starting Servlet engine: [Apache Tomcat/10.1.31]
2024-12-19 10:39:41 [main] INFO  o.a.c.c.C.[Tomcat].[localhost].[/] - Initializing Spring embedded WebApplicationContext
2024-12-19 10:39:41 [main] INFO  o.s.b.w.s.c.ServletWebServerApplicationContext - Root WebApplicationContext: initialization completed in 1716 ms
2024-12-19 10:39:42 [main] INFO  o.a.coyote.http11.Http11NioProtocol - Starting ProtocolHandler ["http-nio-8081"]
2024-12-19 10:39:42 [main] INFO  o.s.b.w.e.tomcat.TomcatWebServer - Tomcat started on port 8081 (http) with context path '/'
2024-12-19 10:39:42 [main] INFO  r.i.calculator.CalculatorApplication - Started CalculatorApplication in 2.69 seconds (process running for 4.817)
2024-12-19 10:40:47 [http-nio-8081-exec-1] INFO  o.a.c.c.C.[Tomcat].[localhost].[/] - Initializing Spring DispatcherServlet 'dispatcherServlet'
2024-12-19 10:40:47 [http-nio-8081-exec-1] INFO  o.s.web.servlet.DispatcherServlet - Initializing Servlet 'dispatcherServlet'
2024-12-19 10:40:47 [http-nio-8081-exec-1] INFO  o.s.web.servlet.DispatcherServlet - Completed initialization in 0 ms
2024-12-19 10:40:47 [http-nio-8081-exec-1] INFO  r.i.c.a.c.CalculatorController - Received request to calculate loan offers
2024-12-19 10:40:47 [http-nio-8081-exec-1] INFO  r.i.c.api.service.LoanOfferService - Received request for loan offers: LoanStatementRequestDto(amount=300000.0, term=18, firstName=Ivan, lastName=Petrov, middleName=Sergeevich, email=ivan.petrov@example.com, birthdate=1990-05-15, passportSeries=1234, passportNumber=123456)
2024-12-19 10:40:47 [http-nio-8081-exec-1] INFO  r.i.c.a.s.CalculateCreditService - Calculating final rate. isSalaryClient: false, isInsuranceEnabled: false
2024-12-19 10:40:47 [http-nio-8081-exec-1] INFO  r.i.c.a.s.CalculateCreditService - Final rate calculation completed. Final rate: 21.00
2024-12-19 10:40:47 [http-nio-8081-exec-1] INFO  r.i.c.a.s.CalculateCreditService - Calculating monthly payment. Amount: 300000.0, Term: 18, Rate: 21.00
2024-12-19 10:40:47 [http-nio-8081-exec-1] INFO  r.i.c.a.s.CalculateCreditService - Monthly payment calculated: 19573.48
2024-12-19 10:40:47 [http-nio-8081-exec-1] INFO  r.i.c.api.service.LoanOfferService - Generated loan offer: LoanOfferDto(statementId=9f0a6c39-cd96-45fa-884a-e3283c38c544, requestedAmount=300000.0, totalAmount=352322.64, term=18, monthlyPayment=19573.48, rate=21.00, isInsuranceEnabled=false, isSalaryClient=false)
2024-12-19 10:40:47 [http-nio-8081-exec-1] INFO  r.i.c.a.s.CalculateCreditService - Calculating final rate. isSalaryClient: true, isInsuranceEnabled: false
2024-12-19 10:40:47 [http-nio-8081-exec-1] INFO  r.i.c.a.s.CalculateCreditService - Final rate calculation completed. Final rate: 20.00
2024-12-19 10:40:47 [http-nio-8081-exec-1] INFO  r.i.c.a.s.CalculateCreditService - Calculating monthly payment. Amount: 300000.0, Term: 18, Rate: 20.00
2024-12-19 10:40:47 [http-nio-8081-exec-1] INFO  r.i.c.a.s.CalculateCreditService - Monthly payment calculated: 19428.96
2024-12-19 10:40:47 [http-nio-8081-exec-1] INFO  r.i.c.api.service.LoanOfferService - Generated loan offer: LoanOfferDto(statementId=65e7a9a9-8bcb-401d-8ae8-c8c1f6ef1cf8, requestedAmount=300000.0, totalAmount=349721.28, term=18, monthlyPayment=19428.96, rate=20.00, isInsuranceEnabled=false, isSalaryClient=true)
2024-12-19 10:40:47 [http-nio-8081-exec-1] INFO  r.i.c.a.s.CalculateCreditService - Calculating final rate. isSalaryClient: false, isInsuranceEnabled: true
2024-12-19 10:40:47 [http-nio-8081-exec-1] INFO  r.i.c.a.s.CalculateCreditService - Final rate calculation completed. Final rate: 18.00
2024-12-19 10:40:47 [http-nio-8081-exec-1] INFO  r.i.c.a.s.CalculateCreditService - Calculating insurance. Amount: 300000.0, Term: 18
2024-12-19 10:40:47 [http-nio-8081-exec-1] INFO  r.i.c.a.s.CalculateCreditService - Insurance calculated: 35400.00
2024-12-19 10:40:47 [http-nio-8081-exec-1] INFO  r.i.c.a.s.CalculateCreditService - Calculating monthly payment. Amount: 335400.00, Term: 18, Rate: 18.00
2024-12-19 10:40:47 [http-nio-8081-exec-1] INFO  r.i.c.a.s.CalculateCreditService - Monthly payment calculated: 21400.46
2024-12-19 10:40:47 [http-nio-8081-exec-1] INFO  r.i.c.api.service.LoanOfferService - Generated loan offer: LoanOfferDto(statementId=b2147fac-33fd-4d45-98e3-d2d273bd69ab, requestedAmount=335400.00, totalAmount=385208.28, term=18, monthlyPayment=21400.46, rate=18.00, isInsuranceEnabled=true, isSalaryClient=false)
2024-12-19 10:40:47 [http-nio-8081-exec-1] INFO  r.i.c.a.s.CalculateCreditService - Calculating final rate. isSalaryClient: true, isInsuranceEnabled: true
2024-12-19 10:40:47 [http-nio-8081-exec-1] INFO  r.i.c.a.s.CalculateCreditService - Final rate calculation completed. Final rate: 17.00
2024-12-19 10:40:47 [http-nio-8081-exec-1] INFO  r.i.c.a.s.CalculateCreditService - Calculating insurance. Amount: 300000.0, Term: 18
2024-12-19 10:40:47 [http-nio-8081-exec-1] INFO  r.i.c.a.s.CalculateCreditService - Insurance calculated: 35400.00
2024-12-19 10:40:47 [http-nio-8081-exec-1] INFO  r.i.c.a.s.CalculateCreditService - Calculating monthly payment. Amount: 335400.00, Term: 18, Rate: 17.00
2024-12-19 10:40:47 [http-nio-8081-exec-1] INFO  r.i.c.a.s.CalculateCreditService - Monthly payment calculated: 21240.91
2024-12-19 10:40:47 [http-nio-8081-exec-1] INFO  r.i.c.api.service.LoanOfferService - Generated loan offer: LoanOfferDto(statementId=4a38285f-4d5a-4bb0-8793-0009641ea58a, requestedAmount=335400.00, totalAmount=382336.38, term=18, monthlyPayment=21240.91, rate=17.00, isInsuranceEnabled=true, isSalaryClient=true)
2024-12-19 10:40:47 [http-nio-8081-exec-1] INFO  r.i.c.api.service.LoanOfferService - Generated loan offers: [LoanOfferDto(statementId=9f0a6c39-cd96-45fa-884a-e3283c38c544, requestedAmount=300000.0, totalAmount=352322.64, term=18, monthlyPayment=19573.48, rate=21.00, isInsuranceEnabled=false, isSalaryClient=false), LoanOfferDto(statementId=65e7a9a9-8bcb-401d-8ae8-c8c1f6ef1cf8, requestedAmount=300000.0, totalAmount=349721.28, term=18, monthlyPayment=19428.96, rate=20.00, isInsuranceEnabled=false, isSalaryClient=true), LoanOfferDto(statementId=b2147fac-33fd-4d45-98e3-d2d273bd69ab, requestedAmount=335400.00, totalAmount=385208.28, term=18, monthlyPayment=21400.46, rate=18.00, isInsuranceEnabled=true, isSalaryClient=false), LoanOfferDto(statementId=4a38285f-4d5a-4bb0-8793-0009641ea58a, requestedAmount=335400.00, totalAmount=382336.38, term=18, monthlyPayment=21240.91, rate=17.00, isInsuranceEnabled=true, isSalaryClient=true)]
2024-12-19 10:40:47 [http-nio-8081-exec-1] INFO  r.i.c.a.c.CalculatorController - Successfully calculated loan offers: [LoanOfferDto(statementId=9f0a6c39-cd96-45fa-884a-e3283c38c544, requestedAmount=300000.0, totalAmount=352322.64, term=18, monthlyPayment=19573.48, rate=21.00, isInsuranceEnabled=false, isSalaryClient=false), LoanOfferDto(statementId=65e7a9a9-8bcb-401d-8ae8-c8c1f6ef1cf8, requestedAmount=300000.0, totalAmount=349721.28, term=18, monthlyPayment=19428.96, rate=20.00, isInsuranceEnabled=false, isSalaryClient=true), LoanOfferDto(statementId=b2147fac-33fd-4d45-98e3-d2d273bd69ab, requestedAmount=335400.00, totalAmount=385208.28, term=18, monthlyPayment=21400.46, rate=18.00, isInsuranceEnabled=true, isSalaryClient=false), LoanOfferDto(statementId=4a38285f-4d5a-4bb0-8793-0009641ea58a, requestedAmount=335400.00, totalAmount=382336.38, term=18, monthlyPayment=21240.91, rate=17.00, isInsuranceEnabled=true, isSalaryClient=true)]
2024-12-19 10:42:17 [http-nio-8081-exec-3] INFO  r.i.c.a.c.CalculatorController - Received request to calculate credit
2024-12-19 10:42:17 [http-nio-8081-exec-3] INFO  r.i.c.a.s.CalculateCreditService - Starting credit calculation for request: ScoringDataDto(amount=335400.0, term=18, firstName=Ivan, lastName=Petrov, middleName=Sergeevich, gender=MALE, birthdate=1990-05-15, passportSeries=1234, passportNumber=123456, passportIssueDate=2005-11-25, passportIssueBranch=УМВД России по г. Санкт-Петербургу, maritalStatus=MARRIED, dependentAmount=1, employment=EmploymentDto(employmentStatus=HIREDEMPLOYED, employerINN=781234567891, salary=120000.0, position=SENIOR, workExperienceTotal=20, workExperienceCurrent=8), accountNumber=40817810055520098765, isInsuranceEnabled=true, isSalaryClient=false)
2024-12-19 10:42:17 [http-nio-8081-exec-3] INFO  r.i.c.a.s.CalculateCreditService - Calculating insurance. Amount: 335400.0, Term: 18
2024-12-19 10:42:17 [http-nio-8081-exec-3] INFO  r.i.c.a.s.CalculateCreditService - Insurance calculated: 36037.20
2024-12-19 10:42:17 [http-nio-8081-exec-3] INFO  r.i.c.a.s.CalculateCreditService - Calculating final rate
2024-12-19 10:42:17 [http-nio-8081-exec-3] INFO  r.i.c.a.s.CalculateCreditService - Final rate calculation completed. Final rate: 14.00
2024-12-19 10:42:17 [http-nio-8081-exec-3] INFO  r.i.c.a.s.CalculateCreditService - Calculating monthly payment. Amount: 335400.0, Term: 18, Rate: 14.00
2024-12-19 10:42:17 [http-nio-8081-exec-3] INFO  r.i.c.a.s.CalculateCreditService - Monthly payment calculated: 20766.35
2024-12-19 10:42:17 [http-nio-8081-exec-3] INFO  r.i.c.a.s.CalculateCreditService - Calculating PSK for scoring data: ScoringDataDto(amount=335400.0, term=18, firstName=Ivan, lastName=Petrov, middleName=Sergeevich, gender=MALE, birthdate=1990-05-15, passportSeries=1234, passportNumber=123456, passportIssueDate=2005-11-25, passportIssueBranch=УМВД России по г. Санкт-Петербургу, maritalStatus=MARRIED, dependentAmount=1, employment=EmploymentDto(employmentStatus=HIREDEMPLOYED, employerINN=781234567891, salary=120000.0, position=SENIOR, workExperienceTotal=20, workExperienceCurrent=8), accountNumber=40817810055520098765, isInsuranceEnabled=true, isSalaryClient=false)
2024-12-19 10:42:17 [http-nio-8081-exec-3] INFO  r.i.c.a.s.CalculateCreditService - Calculating final rate
2024-12-19 10:42:17 [http-nio-8081-exec-3] INFO  r.i.c.a.s.CalculateCreditService - Final rate calculation completed. Final rate: 14.00
2024-12-19 10:42:17 [http-nio-8081-exec-3] INFO  r.i.c.a.s.CalculateCreditService - Calculating monthly payment. Amount: 335400.0, Term: 18, Rate: 14.00
2024-12-19 10:42:17 [http-nio-8081-exec-3] INFO  r.i.c.a.s.CalculateCreditService - Monthly payment calculated: 20766.35
2024-12-19 10:42:17 [http-nio-8081-exec-3] INFO  r.i.c.a.s.CalculateCreditService - PSK calculated: 6.00
2024-12-19 10:42:17 [http-nio-8081-exec-3] INFO  r.i.c.a.s.CalculateCreditService - Calculating payment schedule for loan amount: 335400.0, term: 18
2024-12-19 10:42:17 [http-nio-8081-exec-3] INFO  r.i.c.a.s.CalculateCreditService - Calculating final rate
2024-12-19 10:42:17 [http-nio-8081-exec-3] INFO  r.i.c.a.s.CalculateCreditService - Final rate calculation completed. Final rate: 14.00
2024-12-19 10:42:17 [http-nio-8081-exec-3] INFO  r.i.c.a.s.CalculateCreditService - Calculating monthly payment annuity. Remaining debt: 335400.0, Principal: 335400.0, Annual rate: 14.00, Months: 18, Current date: 2024-12-19
2024-12-19 10:42:17 [http-nio-8081-exec-3] INFO  r.i.c.a.s.CalculateCreditService - Monthly payment annuity calculation completed. Result: Total Payment: 20766.35, Interest Payment: 3913.00, Debt Payment: 16853.35
2024-12-19 10:42:17 [http-nio-8081-exec-3] INFO  r.i.c.a.s.CalculateCreditService - Calculating final rate
2024-12-19 10:42:17 [http-nio-8081-exec-3] INFO  r.i.c.a.s.CalculateCreditService - Final rate calculation completed. Final rate: 14.00
2024-12-19 10:42:17 [http-nio-8081-exec-3] INFO  r.i.c.a.s.CalculateCreditService - Calculating monthly payment annuity. Remaining debt: 318546.65, Principal: 335400.0, Annual rate: 14.00, Months: 18, Current date: 2025-01-19
2024-12-19 10:42:17 [http-nio-8081-exec-3] INFO  r.i.c.a.s.CalculateCreditService - Monthly payment annuity calculation completed. Result: Total Payment: 20766.35, Interest Payment: 3716.38, Debt Payment: 17049.97
2024-12-19 10:42:17 [http-nio-8081-exec-3] INFO  r.i.c.a.s.CalculateCreditService - Calculating final rate
2024-12-19 10:42:17 [http-nio-8081-exec-3] INFO  r.i.c.a.s.CalculateCreditService - Final rate calculation completed. Final rate: 14.00
2024-12-19 10:42:17 [http-nio-8081-exec-3] INFO  r.i.c.a.s.CalculateCreditService - Calculating monthly payment annuity. Remaining debt: 301496.68, Principal: 335400.0, Annual rate: 14.00, Months: 18, Current date: 2025-02-19
2024-12-19 10:42:17 [http-nio-8081-exec-3] INFO  r.i.c.a.s.CalculateCreditService - Monthly payment annuity calculation completed. Result: Total Payment: 20766.35, Interest Payment: 3517.46, Debt Payment: 17248.89
2024-12-19 10:42:17 [http-nio-8081-exec-3] INFO  r.i.c.a.s.CalculateCreditService - Calculating final rate
2024-12-19 10:42:17 [http-nio-8081-exec-3] INFO  r.i.c.a.s.CalculateCreditService - Final rate calculation completed. Final rate: 14.00
2024-12-19 10:42:17 [http-nio-8081-exec-3] INFO  r.i.c.a.s.CalculateCreditService - Calculating monthly payment annuity. Remaining debt: 284247.79, Principal: 335400.0, Annual rate: 14.00, Months: 18, Current date: 2025-03-19
2024-12-19 10:42:17 [http-nio-8081-exec-3] INFO  r.i.c.a.s.CalculateCreditService - Monthly payment annuity calculation completed. Result: Total Payment: 20766.35, Interest Payment: 3316.22, Debt Payment: 17450.13
2024-12-19 10:42:17 [http-nio-8081-exec-3] INFO  r.i.c.a.s.CalculateCreditService - Calculating final rate
2024-12-19 10:42:17 [http-nio-8081-exec-3] INFO  r.i.c.a.s.CalculateCreditService - Final rate calculation completed. Final rate: 14.00
2024-12-19 10:42:17 [http-nio-8081-exec-3] INFO  r.i.c.a.s.CalculateCreditService - Calculating monthly payment annuity. Remaining debt: 266797.66, Principal: 335400.0, Annual rate: 14.00, Months: 18, Current date: 2025-04-19
2024-12-19 10:42:17 [http-nio-8081-exec-3] INFO  r.i.c.a.s.CalculateCreditService - Monthly payment annuity calculation completed. Result: Total Payment: 20766.35, Interest Payment: 3112.64, Debt Payment: 17653.71
2024-12-19 10:42:17 [http-nio-8081-exec-3] INFO  r.i.c.a.s.CalculateCreditService - Calculating final rate
2024-12-19 10:42:17 [http-nio-8081-exec-3] INFO  r.i.c.a.s.CalculateCreditService - Final rate calculation completed. Final rate: 14.00
2024-12-19 10:42:17 [http-nio-8081-exec-3] INFO  r.i.c.a.s.CalculateCreditService - Calculating monthly payment annuity. Remaining debt: 249143.95, Principal: 335400.0, Annual rate: 14.00, Months: 18, Current date: 2025-05-19
2024-12-19 10:42:17 [http-nio-8081-exec-3] INFO  r.i.c.a.s.CalculateCreditService - Monthly payment annuity calculation completed. Result: Total Payment: 20766.35, Interest Payment: 2906.68, Debt Payment: 17859.67
2024-12-19 10:42:17 [http-nio-8081-exec-3] INFO  r.i.c.a.s.CalculateCreditService - Calculating final rate
2024-12-19 10:42:17 [http-nio-8081-exec-3] INFO  r.i.c.a.s.CalculateCreditService - Final rate calculation completed. Final rate: 14.00
2024-12-19 10:42:17 [http-nio-8081-exec-3] INFO  r.i.c.a.s.CalculateCreditService - Calculating monthly payment annuity. Remaining debt: 231284.28, Principal: 335400.0, Annual rate: 14.00, Months: 18, Current date: 2025-06-19
2024-12-19 10:42:17 [http-nio-8081-exec-3] INFO  r.i.c.a.s.CalculateCreditService - Monthly payment annuity calculation completed. Result: Total Payment: 20766.35, Interest Payment: 2698.32, Debt Payment: 18068.03
2024-12-19 10:42:17 [http-nio-8081-exec-3] INFO  r.i.c.a.s.CalculateCreditService - Calculating final rate
2024-12-19 10:42:17 [http-nio-8081-exec-3] INFO  r.i.c.a.s.CalculateCreditService - Final rate calculation completed. Final rate: 14.00
2024-12-19 10:42:17 [http-nio-8081-exec-3] INFO  r.i.c.a.s.CalculateCreditService - Calculating monthly payment annuity. Remaining debt: 213216.25, Principal: 335400.0, Annual rate: 14.00, Months: 18, Current date: 2025-07-19
2024-12-19 10:42:17 [http-nio-8081-exec-3] INFO  r.i.c.a.s.CalculateCreditService - Monthly payment annuity calculation completed. Result: Total Payment: 20766.35, Interest Payment: 2487.52, Debt Payment: 18278.83
2024-12-19 10:42:17 [http-nio-8081-exec-3] INFO  r.i.c.a.s.CalculateCreditService - Calculating final rate
2024-12-19 10:42:17 [http-nio-8081-exec-3] INFO  r.i.c.a.s.CalculateCreditService - Final rate calculation completed. Final rate: 14.00
2024-12-19 10:42:17 [http-nio-8081-exec-3] INFO  r.i.c.a.s.CalculateCreditService - Calculating monthly payment annuity. Remaining debt: 194937.42, Principal: 335400.0, Annual rate: 14.00, Months: 18, Current date: 2025-08-19
2024-12-19 10:42:17 [http-nio-8081-exec-3] INFO  r.i.c.a.s.CalculateCreditService - Monthly payment annuity calculation completed. Result: Total Payment: 20766.35, Interest Payment: 2274.27, Debt Payment: 18492.08
2024-12-19 10:42:17 [http-nio-8081-exec-3] INFO  r.i.c.a.s.CalculateCreditService - Calculating final rate
2024-12-19 10:42:17 [http-nio-8081-exec-3] INFO  r.i.c.a.s.CalculateCreditService - Final rate calculation completed. Final rate: 14.00
2024-12-19 10:42:17 [http-nio-8081-exec-3] INFO  r.i.c.a.s.CalculateCreditService - Calculating monthly payment annuity. Remaining debt: 176445.34, Principal: 335400.0, Annual rate: 14.00, Months: 18, Current date: 2025-09-19
2024-12-19 10:42:17 [http-nio-8081-exec-3] INFO  r.i.c.a.s.CalculateCreditService - Monthly payment annuity calculation completed. Result: Total Payment: 20766.35, Interest Payment: 2058.53, Debt Payment: 18707.82
2024-12-19 10:42:17 [http-nio-8081-exec-3] INFO  r.i.c.a.s.CalculateCreditService - Calculating final rate
2024-12-19 10:42:17 [http-nio-8081-exec-3] INFO  r.i.c.a.s.CalculateCreditService - Final rate calculation completed. Final rate: 14.00
2024-12-19 10:42:17 [http-nio-8081-exec-3] INFO  r.i.c.a.s.CalculateCreditService - Calculating monthly payment annuity. Remaining debt: 157737.52, Principal: 335400.0, Annual rate: 14.00, Months: 18, Current date: 2025-10-19
2024-12-19 10:42:17 [http-nio-8081-exec-3] INFO  r.i.c.a.s.CalculateCreditService - Monthly payment annuity calculation completed. Result: Total Payment: 20766.35, Interest Payment: 1840.27, Debt Payment: 18926.08
2024-12-19 10:42:17 [http-nio-8081-exec-3] INFO  r.i.c.a.s.CalculateCreditService - Calculating final rate
2024-12-19 10:42:17 [http-nio-8081-exec-3] INFO  r.i.c.a.s.CalculateCreditService - Final rate calculation completed. Final rate: 14.00
2024-12-19 10:42:17 [http-nio-8081-exec-3] INFO  r.i.c.a.s.CalculateCreditService - Calculating monthly payment annuity. Remaining debt: 138811.44, Principal: 335400.0, Annual rate: 14.00, Months: 18, Current date: 2025-11-19
2024-12-19 10:42:17 [http-nio-8081-exec-3] INFO  r.i.c.a.s.CalculateCreditService - Monthly payment annuity calculation completed. Result: Total Payment: 20766.35, Interest Payment: 1619.47, Debt Payment: 19146.88
2024-12-19 10:42:17 [http-nio-8081-exec-3] INFO  r.i.c.a.s.CalculateCreditService - Calculating final rate
2024-12-19 10:42:17 [http-nio-8081-exec-3] INFO  r.i.c.a.s.CalculateCreditService - Final rate calculation completed. Final rate: 14.00
2024-12-19 10:42:17 [http-nio-8081-exec-3] INFO  r.i.c.a.s.CalculateCreditService - Calculating monthly payment annuity. Remaining debt: 119664.56, Principal: 335400.0, Annual rate: 14.00, Months: 18, Current date: 2025-12-19
2024-12-19 10:42:17 [http-nio-8081-exec-3] INFO  r.i.c.a.s.CalculateCreditService - Monthly payment annuity calculation completed. Result: Total Payment: 20766.35, Interest Payment: 1396.09, Debt Payment: 19370.26
2024-12-19 10:42:17 [http-nio-8081-exec-3] INFO  r.i.c.a.s.CalculateCreditService - Calculating final rate
2024-12-19 10:42:17 [http-nio-8081-exec-3] INFO  r.i.c.a.s.CalculateCreditService - Final rate calculation completed. Final rate: 14.00
2024-12-19 10:42:17 [http-nio-8081-exec-3] INFO  r.i.c.a.s.CalculateCreditService - Calculating monthly payment annuity. Remaining debt: 100294.30, Principal: 335400.0, Annual rate: 14.00, Months: 18, Current date: 2026-01-19
2024-12-19 10:42:17 [http-nio-8081-exec-3] INFO  r.i.c.a.s.CalculateCreditService - Monthly payment annuity calculation completed. Result: Total Payment: 20766.35, Interest Payment: 1170.10, Debt Payment: 19596.25
2024-12-19 10:42:17 [http-nio-8081-exec-3] INFO  r.i.c.a.s.CalculateCreditService - Calculating final rate
2024-12-19 10:42:17 [http-nio-8081-exec-3] INFO  r.i.c.a.s.CalculateCreditService - Final rate calculation completed. Final rate: 14.00
2024-12-19 10:42:17 [http-nio-8081-exec-3] INFO  r.i.c.a.s.CalculateCreditService - Calculating monthly payment annuity. Remaining debt: 80698.05, Principal: 335400.0, Annual rate: 14.00, Months: 18, Current date: 2026-02-19
2024-12-19 10:42:17 [http-nio-8081-exec-3] INFO  r.i.c.a.s.CalculateCreditService - Monthly payment annuity calculation completed. Result: Total Payment: 20766.35, Interest Payment: 941.48, Debt Payment: 19824.87
2024-12-19 10:42:17 [http-nio-8081-exec-3] INFO  r.i.c.a.s.CalculateCreditService - Calculating final rate
2024-12-19 10:42:17 [http-nio-8081-exec-3] INFO  r.i.c.a.s.CalculateCreditService - Final rate calculation completed. Final rate: 14.00
2024-12-19 10:42:17 [http-nio-8081-exec-3] INFO  r.i.c.a.s.CalculateCreditService - Calculating monthly payment annuity. Remaining debt: 60873.18, Principal: 335400.0, Annual rate: 14.00, Months: 18, Current date: 2026-03-19
2024-12-19 10:42:17 [http-nio-8081-exec-3] INFO  r.i.c.a.s.CalculateCreditService - Monthly payment annuity calculation completed. Result: Total Payment: 20766.35, Interest Payment: 710.19, Debt Payment: 20056.16
2024-12-19 10:42:17 [http-nio-8081-exec-3] INFO  r.i.c.a.s.CalculateCreditService - Calculating final rate
2024-12-19 10:42:17 [http-nio-8081-exec-3] INFO  r.i.c.a.s.CalculateCreditService - Final rate calculation completed. Final rate: 14.00
2024-12-19 10:42:17 [http-nio-8081-exec-3] INFO  r.i.c.a.s.CalculateCreditService - Calculating monthly payment annuity. Remaining debt: 40817.02, Principal: 335400.0, Annual rate: 14.00, Months: 18, Current date: 2026-04-19
2024-12-19 10:42:17 [http-nio-8081-exec-3] INFO  r.i.c.a.s.CalculateCreditService - Monthly payment annuity calculation completed. Result: Total Payment: 20766.35, Interest Payment: 476.20, Debt Payment: 20290.15
2024-12-19 10:42:17 [http-nio-8081-exec-3] INFO  r.i.c.a.s.CalculateCreditService - Calculating final rate
2024-12-19 10:42:17 [http-nio-8081-exec-3] INFO  r.i.c.a.s.CalculateCreditService - Final rate calculation completed. Final rate: 14.00
2024-12-19 10:42:17 [http-nio-8081-exec-3] INFO  r.i.c.a.s.CalculateCreditService - Calculating monthly payment annuity. Remaining debt: 20526.87, Principal: 335400.0, Annual rate: 14.00, Months: 18, Current date: 2026-05-19
2024-12-19 10:42:17 [http-nio-8081-exec-3] INFO  r.i.c.a.s.CalculateCreditService - Monthly payment annuity calculation completed. Result: Total Payment: 20766.35, Interest Payment: 239.48, Debt Payment: 20526.87
2024-12-19 10:42:17 [http-nio-8081-exec-3] INFO  r.i.c.a.s.CalculateCreditService - Payment schedule calculation completed. Total payments count: 18
2024-12-19 10:42:17 [http-nio-8081-exec-3] INFO  r.i.c.a.s.CalculateCreditService - Successfully calculated credit: CreditDto(amount=371437.20, term=18, monthlyPayment=20766.35, rate=14.00, psk=6.00, isInsuranceEnabled=true, isSalaryClient=false, paymentSchedule=[PaymentScheduleElementDto(number=1, date=2024-12-19, totalPayment=20766.35, interestPayment=3913.00, debtPayment=16853.35, remainingDebt=318546.65), PaymentScheduleElementDto(number=2, date=2025-01-19, totalPayment=20766.35, interestPayment=3716.38, debtPayment=17049.97, remainingDebt=301496.68), PaymentScheduleElementDto(number=3, date=2025-02-19, totalPayment=20766.35, interestPayment=3517.46, debtPayment=17248.89, remainingDebt=284247.79), PaymentScheduleElementDto(number=4, date=2025-03-19, totalPayment=20766.35, interestPayment=3316.22, debtPayment=17450.13, remainingDebt=266797.66), PaymentScheduleElementDto(number=5, date=2025-04-19, totalPayment=20766.35, interestPayment=3112.64, debtPayment=17653.71, remainingDebt=249143.95), PaymentScheduleElementDto(number=6, date=2025-05-19, totalPayment=20766.35, interestPayment=2906.68, debtPayment=17859.67, remainingDebt=231284.28), PaymentScheduleElementDto(number=7, date=2025-06-19, totalPayment=20766.35, interestPayment=2698.32, debtPayment=18068.03, remainingDebt=213216.25), PaymentScheduleElementDto(number=8, date=2025-07-19, totalPayment=20766.35, interestPayment=2487.52, debtPayment=18278.83, remainingDebt=194937.42), PaymentScheduleElementDto(number=9, date=2025-08-19, totalPayment=20766.35, interestPayment=2274.27, debtPayment=18492.08, remainingDebt=176445.34), PaymentScheduleElementDto(number=10, date=2025-09-19, totalPayment=20766.35, interestPayment=2058.53, debtPayment=18707.82, remainingDebt=157737.52), PaymentScheduleElementDto(number=11, date=2025-10-19, totalPayment=20766.35, interestPayment=1840.27, debtPayment=18926.08, remainingDebt=138811.44), PaymentScheduleElementDto(number=12, date=2025-11-19, totalPayment=20766.35, interestPayment=1619.47, debtPayment=19146.88, remainingDebt=119664.56), PaymentScheduleElementDto(number=13, date=2025-12-19, totalPayment=20766.35, interestPayment=1396.09, debtPayment=19370.26, remainingDebt=100294.30), PaymentScheduleElementDto(number=14, date=2026-01-19, totalPayment=20766.35, interestPayment=1170.10, debtPayment=19596.25, remainingDebt=80698.05), PaymentScheduleElementDto(number=15, date=2026-02-19, totalPayment=20766.35, interestPayment=941.48, debtPayment=19824.87, remainingDebt=60873.18), PaymentScheduleElementDto(number=16, date=2026-03-19, totalPayment=20766.35, interestPayment=710.19, debtPayment=20056.16, remainingDebt=40817.02), PaymentScheduleElementDto(number=17, date=2026-04-19, totalPayment=20766.35, interestPayment=476.20, debtPayment=20290.15, remainingDebt=20526.87), PaymentScheduleElementDto(number=18, date=2026-05-19, totalPayment=20766.35, interestPayment=239.48, debtPayment=20526.87, remainingDebt=0)])
2024-12-19 10:42:17 [http-nio-8081-exec-3] INFO  r.i.c.a.c.CalculatorController - Successfully calculated credit: CreditDto(amount=371437.20, term=18, monthlyPayment=20766.35, rate=14.00, psk=6.00, isInsuranceEnabled=true, isSalaryClient=false, paymentSchedule=[PaymentScheduleElementDto(number=1, date=2024-12-19, totalPayment=20766.35, interestPayment=3913.00, debtPayment=16853.35, remainingDebt=318546.65), PaymentScheduleElementDto(number=2, date=2025-01-19, totalPayment=20766.35, interestPayment=3716.38, debtPayment=17049.97, remainingDebt=301496.68), PaymentScheduleElementDto(number=3, date=2025-02-19, totalPayment=20766.35, interestPayment=3517.46, debtPayment=17248.89, remainingDebt=284247.79), PaymentScheduleElementDto(number=4, date=2025-03-19, totalPayment=20766.35, interestPayment=3316.22, debtPayment=17450.13, remainingDebt=266797.66), PaymentScheduleElementDto(number=5, date=2025-04-19, totalPayment=20766.35, interestPayment=3112.64, debtPayment=17653.71, remainingDebt=249143.95), PaymentScheduleElementDto(number=6, date=2025-05-19, totalPayment=20766.35, interestPayment=2906.68, debtPayment=17859.67, remainingDebt=231284.28), PaymentScheduleElementDto(number=7, date=2025-06-19, totalPayment=20766.35, interestPayment=2698.32, debtPayment=18068.03, remainingDebt=213216.25), PaymentScheduleElementDto(number=8, date=2025-07-19, totalPayment=20766.35, interestPayment=2487.52, debtPayment=18278.83, remainingDebt=194937.42), PaymentScheduleElementDto(number=9, date=2025-08-19, totalPayment=20766.35, interestPayment=2274.27, debtPayment=18492.08, remainingDebt=176445.34), PaymentScheduleElementDto(number=10, date=2025-09-19, totalPayment=20766.35, interestPayment=2058.53, debtPayment=18707.82, remainingDebt=157737.52), PaymentScheduleElementDto(number=11, date=2025-10-19, totalPayment=20766.35, interestPayment=1840.27, debtPayment=18926.08, remainingDebt=138811.44), PaymentScheduleElementDto(number=12, date=2025-11-19, totalPayment=20766.35, interestPayment=1619.47, debtPayment=19146.88, remainingDebt=119664.56), PaymentScheduleElementDto(number=13, date=2025-12-19, totalPayment=20766.35, interestPayment=1396.09, debtPayment=19370.26, remainingDebt=100294.30), PaymentScheduleElementDto(number=14, date=2026-01-19, totalPayment=20766.35, interestPayment=1170.10, debtPayment=19596.25, remainingDebt=80698.05), PaymentScheduleElementDto(number=15, date=2026-02-19, totalPayment=20766.35, interestPayment=941.48, debtPayment=19824.87, remainingDebt=60873.18), PaymentScheduleElementDto(number=16, date=2026-03-19, totalPayment=20766.35, interestPayment=710.19, debtPayment=20056.16, remainingDebt=40817.02), PaymentScheduleElementDto(number=17, date=2026-04-19, totalPayment=20766.35, interestPayment=476.20, debtPayment=20290.15, remainingDebt=20526.87), PaymentScheduleElementDto(number=18, date=2026-05-19, totalPayment=20766.35, interestPayment=239.48, debtPayment=20526.87, remainingDebt=0)])
